  contigsum_test.cpp
C:\Program Files (x86)\Microsoft Visual Studio\2019\Community\VC\Tools\MSVC\14.27.29110\include\xutility(4142,10): error C3892: '_Dest': you cannot assign to a variable that is const
C:\Program Files (x86)\Microsoft Visual Studio\2019\Community\VC\Tools\MSVC\14.27.29110\include\xutility(4178): message : see reference to function template instantiation '_OutIt *std::_Copy_unchecked<int*,const int*>(_InIt,_InIt,_OutIt)' being compiled
          with
          [
              _OutIt=const int *,
              _InIt=int *
          ]
C:\Users\pc\Desktop\current classes\cs 411\cs411-assignments\hw3\hw3_contigsum\hw3_contigsum\contigsum.hpp(79): message : see reference to function template instantiation '_OutIt std::copy<std::_Vector_iterator<std::_Vector_val<std::_Simple_types<_Ty>>>,RAIter>(_InIt,_InIt,_OutIt)' being compiled
          with
          [
              _OutIt=std::_Vector_const_iterator<std::_Vector_val<std::_Simple_types<int>>>,
              _Ty=int,
              RAIter=std::_Vector_const_iterator<std::_Vector_val<std::_Simple_types<int>>>,
              _InIt=std::_Vector_iterator<std::_Vector_val<std::_Simple_types<int>>>
          ]
C:\Users\pc\Desktop\current classes\cs 411\cs411-assignments\hw3\hw3_contigsum\hw3_contigsum\contigsum.hpp(115): message : see reference to function template instantiation 'void stableMerge<RAIter>(RAIter,RAIter,RAIter)' being compiled
          with
          [
              RAIter=std::_Vector_const_iterator<std::_Vector_val<std::_Simple_types<int>>>
          ]
C:\Users\pc\Desktop\current classes\cs 411\cs411-assignments\hw3\hw3_contigsum\hw3_contigsum\contigsum_test.cpp(485): message : see reference to function template instantiation 'int contigSum<std::_Vector_const_iterator<std::_Vector_val<std::_Simple_types<_Ty>>>>(RAIter,RAIter)' being compiled
          with
          [
              _Ty=int,
              RAIter=std::_Vector_const_iterator<std::_Vector_val<std::_Simple_types<int>>>
          ]
C:\Program Files (x86)\Microsoft Visual Studio\2019\Community\VC\Tools\MSVC\14.27.29110\include\xutility(4142,9): error C3892: '_Dest': you cannot assign to a variable that is const
C:\Program Files (x86)\Microsoft Visual Studio\2019\Community\VC\Tools\MSVC\14.27.29110\include\xutility(4178): message : see reference to function template instantiation '_OutIt std::_Copy_unchecked<int*,std::reverse_iterator<std::_Deque_unchecked_const_iterator<std::_Deque_val<std::_Deque_simple_types<_Ty>>>>>(_InIt,_InIt,_OutIt)' being compiled
          with
          [
              _OutIt=std::reverse_iterator<std::_Deque_unchecked_const_iterator<std::_Deque_val<std::_Deque_simple_types<int>>>>,
              _Ty=int,
              _InIt=int *
          ]
C:\Users\pc\Desktop\current classes\cs 411\cs411-assignments\hw3\hw3_contigsum\hw3_contigsum\contigsum.hpp(79): message : see reference to function template instantiation '_OutIt std::copy<std::_Vector_iterator<std::_Vector_val<std::_Simple_types<_Ty>>>,RAIter>(_InIt,_InIt,_OutIt)' being compiled
          with
          [
              _OutIt=std::reverse_iterator<std::_Deque_const_iterator<std::_Deque_val<std::_Deque_simple_types<int>>>>,
              _Ty=int,
              RAIter=std::reverse_iterator<std::_Deque_const_iterator<std::_Deque_val<std::_Deque_simple_types<int>>>>,
              _InIt=std::_Vector_iterator<std::_Vector_val<std::_Simple_types<int>>>
          ]
C:\Users\pc\Desktop\current classes\cs 411\cs411-assignments\hw3\hw3_contigsum\hw3_contigsum\contigsum.hpp(115): message : see reference to function template instantiation 'void stableMerge<RAIter>(RAIter,RAIter,RAIter)' being compiled
          with
          [
              RAIter=std::reverse_iterator<std::_Deque_const_iterator<std::_Deque_val<std::_Deque_simple_types<int>>>>
          ]
C:\Users\pc\Desktop\current classes\cs 411\cs411-assignments\hw3\hw3_contigsum\hw3_contigsum\contigsum_test.cpp(752): message : see reference to function template instantiation 'int contigSum<std::reverse_iterator<std::_Deque_const_iterator<std::_Deque_val<std::_Deque_simple_types<_Ty>>>>>(RAIter,RAIter)' being compiled
          with
          [
              _Ty=int,
              RAIter=std::reverse_iterator<std::_Deque_const_iterator<std::_Deque_val<std::_Deque_simple_types<int>>>>
          ]
